[debug] [2020-07-18T09:05:32.363Z] ----------------------------------------------------------------------
[debug] [2020-07-18T09:05:32.364Z] Command:       /usr/bin/node /usr/local/bin/firebase init
[debug] [2020-07-18T09:05:32.365Z] CLI Version:   8.6.0
[debug] [2020-07-18T09:05:32.365Z] Platform:      linux
[debug] [2020-07-18T09:05:32.365Z] Node Version:  v10.19.0
[debug] [2020-07-18T09:05:32.365Z] Time:          Sat Jul 18 2020 17:05:32 GMT+0800 (Singapore Standard Time)
[debug] [2020-07-18T09:05:32.365Z] ----------------------------------------------------------------------
[debug] [2020-07-18T09:05:32.365Z] 
[debug] [2020-07-18T09:05:32.368Z] > command requires scopes: ["email","openid","https://www.googleapis.com/auth/cloudplatformprojects.readonly","https://www.googleapis.com/auth/firebase","https://www.googleapis.com/auth/cloud-platform"]
[debug] [2020-07-18T09:05:32.369Z] > authorizing via signed-in user
[info] 
     ######## #### ########  ######## ########     ###     ######  ########
     ##        ##  ##     ## ##       ##     ##  ##   ##  ##       ##
     ######    ##  ########  ######   ########  #########  ######  ######
     ##        ##  ##    ##  ##       ##     ## ##     ##       ## ##
     ##       #### ##     ## ######## ########  ##     ##  ######  ########

You're about to initialize a Firebase project in this directory:

  /home/limo/robin

[info] 
=== Project Setup
[info] 
[info] First, let's associate this project directory with a Firebase project.
[info] You can create multiple project aliases by running firebase use --add, 
[info] but for now we'll just set up a default project.
[info] 
[info] i  If you want to create a project in a Google Cloud organization or folder, please use "firebase projects:create" instead, and return to this command when you've created the project. 
[debug] [2020-07-18T09:05:53.020Z] >>> HTTP REQUEST POST https://cloudresourcemanager.googleapis.com/v1/projects  
 {"projectId":"robinlim15","name":"robin"}
[debug] [2020-07-18T09:05:54.240Z] <<< HTTP RESPONSE 200 {"content-type":"application/json; charset=UTF-8","vary":"X-Origin, Referer, Origin,Accept-Encoding","date":"Sat, 18 Jul 2020 09:05:54 GMT","server":"ESF","cache-control":"private","x-xss-protection":"0","x-frame-options":"SAMEORIGIN","x-content-type-options":"nosniff","server-timing":"gfet4t7; dur=1142","alt-svc":"h3-29=\":443\"; ma=2592000,h3-27=\":443\"; ma=2592000,h3-25=\":443\"; ma=2592000,h3-T050=\":443\"; ma=2592000,h3-Q050=\":443\"; ma=2592000,h3-Q046=\":443\"; ma=2592000,h3-Q043=\":443\"; ma=2592000,quic=\":443\"; ma=2592000; v=\"46,43\"","accept-ranges":"none","transfer-encoding":"chunked"}
[debug] [2020-07-18T09:05:54.242Z] >>> HTTP REQUEST GET https://cloudresourcemanager.googleapis.com/v1/operations/cp.7248908590435579023  
 
[debug] [2020-07-18T09:05:55.476Z] <<< HTTP RESPONSE 200 {"content-type":"application/json; charset=UTF-8","vary":"X-Origin, Referer, Origin,Accept-Encoding","date":"Sat, 18 Jul 2020 09:05:55 GMT","server":"ESF","cache-control":"private","x-xss-protection":"0","x-frame-options":"SAMEORIGIN","x-content-type-options":"nosniff","server-timing":"gfet4t7; dur=1220","alt-svc":"h3-29=\":443\"; ma=2592000,h3-27=\":443\"; ma=2592000,h3-25=\":443\"; ma=2592000,h3-T050=\":443\"; ma=2592000,h3-Q050=\":443\"; ma=2592000,h3-Q046=\":443\"; ma=2592000,h3-Q043=\":443\"; ma=2592000,quic=\":443\"; ma=2592000; v=\"46,43\"","accept-ranges":"none","transfer-encoding":"chunked"}
[debug] [2020-07-18T09:05:55.503Z] FirebaseError: Callers must accept Terms of Service
    at OperationPoller.<anonymous> (/usr/local/lib/node_modules/firebase-tools/lib/operation-poller.js:33:23)
    at Generator.next (<anonymous>)
    at fulfilled (/usr/local/lib/node_modules/firebase-tools/lib/operation-poller.js:5:58)
    at process._tickCallback (internal/process/next_tick.js:68:7)
[error] 
[error] Error: Failed to create project. See firebase-debug.log for more info.
